0 info it worked if it ends with ok
1 verbose cli [ '/usr/local/Cellar/node/5.0.0/bin/node',
1 verbose cli   '/usr/local/bin/npm',
1 verbose cli   'publish' ]
2 info using npm@3.3.12
3 info using node@v5.0.0
4 verbose publish [ '.' ]
5 silly cache add args [ '.', null ]
6 verbose cache add spec .
7 silly cache add parsed spec Result {
7 silly cache add   raw: '.',
7 silly cache add   scope: null,
7 silly cache add   name: null,
7 silly cache add   rawSpec: '.',
7 silly cache add   spec: '/Users/leo/alibaba/study/node1/yy-demo',
7 silly cache add   type: 'directory' }
8 verbose addLocalDirectory /Users/leo/.npm/yy-demo/1.0.0/package.tgz not in flight; packing
9 info lifecycle yy-demo@1.0.0~prepublish: yy-demo@1.0.0
10 silly lifecycle yy-demo@1.0.0~prepublish: no script for prepublish, continuing
11 verbose tar pack [ '/Users/leo/.npm/yy-demo/1.0.0/package.tgz',
11 verbose tar pack   '/Users/leo/alibaba/study/node1/yy-demo' ]
12 verbose tarball /Users/leo/.npm/yy-demo/1.0.0/package.tgz
13 verbose folder /Users/leo/alibaba/study/node1/yy-demo
14 verbose addLocalTarball adding from inside cache /Users/leo/.npm/yy-demo/1.0.0/package.tgz
15 silly cache afterAdd yy-demo@1.0.0
16 verbose afterAdd /Users/leo/.npm/yy-demo/1.0.0/package/package.json not in flight; writing
17 verbose afterAdd /Users/leo/.npm/yy-demo/1.0.0/package/package.json written
18 silly publish { name: 'yy-demo',
18 silly publish   version: '1.0.0',
18 silly publish   description: 'yy-demo',
18 silly publish   main: 'index.js',
18 silly publish   scripts: { test: 'echo "Error: no test specified" && exit 1' },
18 silly publish   repository:
18 silly publish    { type: 'git',
18 silly publish      url: 'git+https://github.com/bluelight598/yy-demo.git' },
18 silly publish   keywords: [ 'javascript' ],
18 silly publish   author: { name: 'leo.yy' },
18 silly publish   license: 'ISC',
18 silly publish   bugs: { url: 'https://github.com/bluelight598/yy-demo/issues' },
18 silly publish   homepage: 'https://github.com/bluelight598/yy-demo#readme',
18 silly publish   readme: '# yy-demo',
18 silly publish   readmeFilename: 'README.md',
18 silly publish   gitHead: '3a211e16ca2db7ca5e64e7ca518d19c9e251592f',
18 silly publish   _id: 'yy-demo@1.0.0',
18 silly publish   _shasum: 'b33b1b6e6eb24fbfe1f5ea4ca8db96fb68295ac0',
18 silly publish   _from: '.' }
19 verbose getPublishConfig undefined
20 silly mapToRegistry name yy-demo
21 silly mapToRegistry using default registry
22 silly mapToRegistry registry https://registry.npmjs.org/
23 silly mapToRegistry uri https://registry.npmjs.org/yy-demo
24 verbose publish registryBase https://registry.npmjs.org/
25 silly publish uploading /Users/leo/.npm/yy-demo/1.0.0/package.tgz
26 verbose request uri https://registry.npmjs.org/yy-demo
27 verbose request sending authorization for write operation
28 info attempt registry request try #1 at 15:01:46
29 verbose request using bearer token for auth
30 verbose request id 4fc2a15b498aa6f2
31 http request PUT https://registry.npmjs.org/yy-demo
32 http 403 https://registry.npmjs.org/yy-demo
33 verbose headers { 'content-type': 'application/json',
33 verbose headers   'cache-control': 'max-age=300',
33 verbose headers   'content-length': '101',
33 verbose headers   'accept-ranges': 'bytes',
33 verbose headers   date: 'Sat, 16 Apr 2016 07:01:54 GMT',
33 verbose headers   via: '1.1 varnish',
33 verbose headers   connection: 'keep-alive',
33 verbose headers   'x-served-by': 'cache-ams4142-AMS',
33 verbose headers   'x-cache': 'MISS',
33 verbose headers   'x-cache-hits': '0',
33 verbose headers   'x-timer': 'S1460790113.286211,VS0,VE964',
33 verbose headers   vary: 'Accept-Encoding' }
34 verbose request invalidating /Users/leo/.npm/registry.npmjs.org/yy-demo on PUT
35 error publish Failed PUT 403
36 verbose stack Error: you do not have permission to publish "yy-demo". Are you logged in as the correct user? : yy-demo
36 verbose stack     at makeError (/usr/local/lib/node_modules/npm/node_modules/npm-registry-client/lib/request.js:264:12)
36 verbose stack     at CachingRegistryClient.<anonymous> (/usr/local/lib/node_modules/npm/node_modules/npm-registry-client/lib/request.js:252:14)
36 verbose stack     at Request._callback (/usr/local/lib/node_modules/npm/node_modules/npm-registry-client/lib/request.js:172:14)
36 verbose stack     at Request.self.callback (/usr/local/lib/node_modules/npm/node_modules/request/request.js:198:22)
36 verbose stack     at emitTwo (events.js:87:13)
36 verbose stack     at Request.emit (events.js:172:7)
36 verbose stack     at Request.<anonymous> (/usr/local/lib/node_modules/npm/node_modules/request/request.js:1082:10)
36 verbose stack     at emitOne (events.js:82:20)
36 verbose stack     at Request.emit (events.js:169:7)
36 verbose stack     at IncomingMessage.<anonymous> (/usr/local/lib/node_modules/npm/node_modules/request/request.js:1009:12)
37 verbose statusCode 403
38 verbose pkgid yy-demo
39 verbose cwd /Users/leo/alibaba/study/node1/yy-demo
40 error Darwin 14.5.0
41 error argv "/usr/local/Cellar/node/5.0.0/bin/node" "/usr/local/bin/npm" "publish"
42 error node v5.0.0
43 error npm  v3.3.12
44 error code E403
45 error you do not have permission to publish "yy-demo". Are you logged in as the correct user? : yy-demo
46 error If you need help, you may report this error at:
46 error     <https://github.com/npm/npm/issues>
47 verbose exit [ 1, true ]
